0 info it worked if it ends with ok
1 verbose cli [ 'node', '/usr/local/bin/npm', 'i' ]
2 info using npm@2.0.2
3 info using node@v0.10.32
4 verbose node symlink /Users/Shared/Voorhoede/bin/node
5 verbose readDependencies using package.json deps
6 verbose install where, deps [ '/Volumes/Voorhoede/www/unitid-components',
6 verbose install   [ 'grunt',
6 verbose install     'grunt-bump',
6 verbose install     'grunt-contrib-clean',
6 verbose install     'grunt-contrib-compress',
6 verbose install     'grunt-contrib-concat',
6 verbose install     'grunt-contrib-connect',
6 verbose install     'grunt-contrib-copy',
6 verbose install     'grunt-contrib-csslint',
6 verbose install     'grunt-contrib-cssmin',
6 verbose install     'grunt-contrib-jshint',
6 verbose install     'grunt-contrib-nodeunit',
6 verbose install     'grunt-contrib-sass',
6 verbose install     'grunt-contrib-uglify',
6 verbose install     'grunt-contrib-watch',
6 verbose install     'grunt-devtools',
6 verbose install     'grunt-grunticon',
6 verbose install     'grunt-jsbeautifier',
6 verbose install     'grunt-prompt',
6 verbose install     'grunt-svgmin',
6 verbose install     'karma',
6 verbose install     'karma-chrome-launcher',
6 verbose install     'karma-coverage',
6 verbose install     'karma-firefox-launcher',
6 verbose install     'karma-jasmine',
6 verbose install     'karma-junit-reporter',
6 verbose install     'karma-phantomjs-launcher',
6 verbose install     'karma-script-launcher',
6 verbose install     'marked',
6 verbose install     'matchdep',
6 verbose install     'mkdirp',
6 verbose install     'nunjucks',
6 verbose install     'shelljs',
6 verbose install     'uglify-js' ] ]
7 info preinstall unitid-components@0.0.0
8 verbose readDependencies using package.json deps
9 verbose already installed skipping grunt-contrib-jshint@~0.6.4 /Volumes/Voorhoede/www/unitid-components
10 verbose already installed skipping grunt-contrib-nodeunit@~0.2.0 /Volumes/Voorhoede/www/unitid-components
11 verbose already installed skipping grunt-contrib-sass@~0.5.0 /Volumes/Voorhoede/www/unitid-components
12 verbose already installed skipping grunt-contrib-uglify@~0.3.2 /Volumes/Voorhoede/www/unitid-components
13 verbose already installed skipping grunt-contrib-watch@~0.5.3 /Volumes/Voorhoede/www/unitid-components
14 verbose already installed skipping grunt-devtools@~0.2.1 /Volumes/Voorhoede/www/unitid-components
15 verbose already installed skipping grunt-grunticon@^1.2.3 /Volumes/Voorhoede/www/unitid-components
16 verbose already installed skipping grunt-jsbeautifier@~0.2.6 /Volumes/Voorhoede/www/unitid-components
17 verbose already installed skipping grunt-prompt@~0.1.2 /Volumes/Voorhoede/www/unitid-components
18 verbose already installed skipping grunt-svgmin@~0.3.0 /Volumes/Voorhoede/www/unitid-components
19 verbose already installed skipping karma@^0.12.14 /Volumes/Voorhoede/www/unitid-components
20 verbose already installed skipping karma-chrome-launcher@^0.1.3 /Volumes/Voorhoede/www/unitid-components
21 verbose already installed skipping karma-coverage@~0.2.1 /Volumes/Voorhoede/www/unitid-components
22 verbose already installed skipping karma-firefox-launcher@^0.1.3 /Volumes/Voorhoede/www/unitid-components
23 verbose already installed skipping karma-jasmine@~0.1.5 /Volumes/Voorhoede/www/unitid-components
24 verbose already installed skipping karma-junit-reporter@http://github.com/voorhoede/karma-junit-reporter/tarball/master /Volumes/Voorhoede/www/unitid-components
25 verbose already installed skipping karma-phantomjs-launcher@^0.1.4 /Volumes/Voorhoede/www/unitid-components
26 verbose already installed skipping karma-script-launcher@^0.1.0 /Volumes/Voorhoede/www/unitid-components
27 verbose already installed skipping marked@~0.3.0 /Volumes/Voorhoede/www/unitid-components
28 verbose already installed skipping matchdep@~0.1.2 /Volumes/Voorhoede/www/unitid-components
29 verbose already installed skipping mkdirp@~0.3.5 /Volumes/Voorhoede/www/unitid-components
30 verbose already installed skipping nunjucks@~1.0.1 /Volumes/Voorhoede/www/unitid-components
31 verbose already installed skipping shelljs@~0.2.6 /Volumes/Voorhoede/www/unitid-components
32 verbose already installed skipping uglify-js@~2.4.0 /Volumes/Voorhoede/www/unitid-components
33 verbose already installed skipping grunt@~0.4.1 /Volumes/Voorhoede/www/unitid-components
34 verbose already installed skipping grunt-bump@0.0.13 /Volumes/Voorhoede/www/unitid-components
35 verbose already installed skipping grunt-contrib-clean@~0.5.0 /Volumes/Voorhoede/www/unitid-components
36 verbose already installed skipping grunt-contrib-compress@~0.5.3 /Volumes/Voorhoede/www/unitid-components
37 verbose already installed skipping grunt-contrib-concat@~0.3.0 /Volumes/Voorhoede/www/unitid-components
38 verbose already installed skipping grunt-contrib-connect@~0.5.0 /Volumes/Voorhoede/www/unitid-components
39 verbose already installed skipping grunt-contrib-copy@~0.4.1 /Volumes/Voorhoede/www/unitid-components
40 verbose cache add [ 'grunt-contrib-csslint@git://github.com/shootaroo/grunt-contrib-csslint.git#d6ce52a4d3',
40 verbose cache add   null ]
41 verbose cache add spec="grunt-contrib-csslint@git://github.com/shootaroo/grunt-contrib-csslint.git#d6ce52a4d3" args=["grunt-contrib-csslint@git://github.com/shootaroo/grunt-contrib-csslint.git#d6ce52a4d3",null]
42 verbose parsed spec { raw: 'grunt-contrib-csslint@git://github.com/shootaroo/grunt-contrib-csslint.git#d6ce52a4d3',
42 verbose parsed spec   scope: null,
42 verbose parsed spec   name: 'grunt-contrib-csslint',
42 verbose parsed spec   rawSpec: 'git://github.com/shootaroo/grunt-contrib-csslint.git#d6ce52a4d3',
42 verbose parsed spec   spec: 'git://github.com/shootaroo/grunt-contrib-csslint.git#d6ce52a4d3',
42 verbose parsed spec   type: 'git' }
43 verbose parsed spec { raw: 'grunt-contrib-csslint@git://github.com/shootaroo/grunt-contrib-csslint.git#d6ce52a4d3',
43 verbose parsed spec   scope: null,
43 verbose parsed spec   name: 'grunt-contrib-csslint',
43 verbose parsed spec   rawSpec: 'git://github.com/shootaroo/grunt-contrib-csslint.git#d6ce52a4d3',
43 verbose parsed spec   spec: 'git://github.com/shootaroo/grunt-contrib-csslint.git#d6ce52a4d3',
43 verbose parsed spec   type: 'git' }
44 verbose addRemoteGit u="git://github.com/shootaroo/grunt-contrib-csslint.git#d6ce52a4d3" silent=false
45 silly addRemoteGit parsed { protocol: 'git:',
45 silly addRemoteGit   slashes: true,
45 silly addRemoteGit   auth: null,
45 silly addRemoteGit   host: 'github.com',
45 silly addRemoteGit   port: null,
45 silly addRemoteGit   hostname: 'github.com',
45 silly addRemoteGit   hash: '#d6ce52a4d3',
45 silly addRemoteGit   search: '',
45 silly addRemoteGit   query: {},
45 silly addRemoteGit   pathname: '/shootaroo/grunt-contrib-csslint.git',
45 silly addRemoteGit   path: '/shootaroo/grunt-contrib-csslint.git',
45 silly addRemoteGit   href: 'git://github.com/shootaroo/grunt-contrib-csslint.git#d6ce52a4d3' }
46 verbose already installed skipping grunt-contrib-cssmin@~0.7.0 /Volumes/Voorhoede/www/unitid-components
47 silly lockFile 36f926c9-otaroo-grunt-contrib-csslint-git git://github.com/shootaroo/grunt-contrib-csslint.git
48 verbose lock git://github.com/shootaroo/grunt-contrib-csslint.git /Users/annefortuin/.npm/36f926c9-otaroo-grunt-contrib-csslint-git.lock
49 verbose addRemoteGit [ 'git://github.com/shootaroo/grunt-contrib-csslint.git',
49 verbose addRemoteGit   'd6ce52a4d3' ]
50 verbose git remote.origin.url git://github.com/shootaroo/grunt-contrib-csslint.git
51 error git fetch -a origin (git://github.com/shootaroo/grunt-contrib-csslint.git) fatal: Unable to look up github.com (port 9418) (nodename nor servname provided, or not known)
52 silly lockFile 36f926c9-otaroo-grunt-contrib-csslint-git git://github.com/shootaroo/grunt-contrib-csslint.git
53 silly lockFile 36f926c9-otaroo-grunt-contrib-csslint-git git://github.com/shootaroo/grunt-contrib-csslint.git
54 verbose stack Error: Command failed: fatal: Unable to look up github.com (port 9418) (nodename nor servname provided, or not known)
54 verbose stack
54 verbose stack     at ChildProcess.exithandler (child_process.js:648:15)
54 verbose stack     at ChildProcess.emit (events.js:98:17)
54 verbose stack     at maybeClose (child_process.js:756:16)
54 verbose stack     at Socket.<anonymous> (child_process.js:969:11)
54 verbose stack     at Socket.emit (events.js:95:17)
54 verbose stack     at Pipe.close (net.js:465:12)
55 verbose cwd /Volumes/Voorhoede/www/unitid-components
56 error Darwin 14.0.0
57 error argv "node" "/usr/local/bin/npm" "i"
58 error node v0.10.32
59 error npm  v2.0.2
60 error code 128
61 error Command failed: fatal: Unable to look up github.com (port 9418) (nodename nor servname provided, or not known)
62 error If you need help, you may report this error at:
62 error     <http://github.com/npm/npm/issues>
63 verbose exit [ 1, true ]
